# JRE version: Java(TM) SE Runtime Environment (8.0_251-b08) (build 1.8.0_251-b08)
# Java VM: Java HotSpot(TM) 64-Bit Server VM (25.251-b08 mixed mode windows-amd64 compressed oops)
Heap:
 PSYoungGen      total 216576K, used 216524K [0x00000000d5d00000, 0x00000000e5380000, 0x0000000100000000)
  eden space 202240K, 100% used [0x00000000d5d00000,0x00000000e2280000,0x00000000e2280000)
  from space 14336K, 99% used [0x00000000e2900000,0x00000000e36f3168,0x00000000e3700000)
  to   space 25088K, 44% used [0x00000000e3b00000,0x00000000e45d4998,0x00000000e5380000)
 ParOldGen       total 138240K, used 102340K [0x0000000081600000, 0x0000000089d00000, 0x00000000d5d00000)
  object space 138240K, 74% used [0x0000000081600000,0x00000000879f1210,0x0000000089d00000)
 Metaspace       used 85544K, capacity 91544K, committed 91864K, reserved 1130496K
  class space    used 10530K, capacity 11437K, committed 11480K, reserved 1048576K
GC Heap History (10 events):
Event: 1553.008 GC heap after
Heap after GC invocations=22 (full 3):
 PSYoungGen      total 251392K, used 20187K [0x00000000d5d00000, 0x00000000e7080000, 0x0000000100000000)
  eden space 230912K, 0% used [0x00000000d5d00000,0x00000000d5d00000,0x00000000e3e80000)
  from space 20480K, 98% used [0x00000000e4680000,0x00000000e5a36da0,0x00000000e5a80000)
  to   space 22528K, 0% used [0x00000000e5a80000,0x00000000e5a80000,0x00000000e7080000)
 ParOldGen       total 138240K, used 32076K [0x0000000081600000, 0x0000000089d00000, 0x00000000d5d00000)
  object space 138240K, 23% used [0x0000000081600000,0x0000000083553090,0x0000000089d00000)
 Metaspace       used 82592K, capacity 88222K, committed 88280K, reserved 1126400K
  class space    used 10377K, capacity 11202K, committed 11224K, reserved 1048576K
}
Event: 2513.936 GC heap before
{Heap before GC invocations=23 (full 3):
 PSYoungGen      total 251392K, used 251099K [0x00000000d5d00000, 0x00000000e7080000, 0x0000000100000000)
  eden space 230912K, 100% used [0x00000000d5d00000,0x00000000e3e80000,0x00000000e3e80000)
  from space 20480K, 98% used [0x00000000e4680000,0x00000000e5a36da0,0x00000000e5a80000)
  to   space 22528K, 0% used [0x00000000e5a80000,0x00000000e5a80000,0x00000000e7080000)
 ParOldGen       total 138240K, used 32076K [0x0000000081600000, 0x0000000089d00000, 0x00000000d5d00000)
  object space 138240K, 23% used [0x0000000081600000,0x0000000083553090,0x0000000089d00000)
 Metaspace       used 83749K, capacity 89428K, committed 89688K, reserved 1128448K
  class space    used 10414K, capacity 11267K, committed 11352K, reserved 1048576K
Event: 2513.972 GC heap after
Heap after GC invocations=23 (full 3):
 PSYoungGen      total 245760K, used 22505K [0x00000000d5d00000, 0x00000000e7080000, 0x0000000100000000)
  eden space 223232K, 0% used [0x00000000d5d00000,0x00000000d5d00000,0x00000000e3700000)
  from space 22528K, 99% used [0x00000000e5a80000,0x00000000e707a5d0,0x00000000e7080000)
  to   space 28160K, 0% used [0x00000000e3980000,0x00000000e3980000,0x00000000e5500000)
 ParOldGen       total 138240K, used 32261K [0x0000000081600000, 0x0000000089d00000, 0x00000000d5d00000)
  object space 138240K, 23% used [0x0000000081600000,0x0000000083581760,0x0000000089d00000)
 Metaspace       used 83749K, capacity 89428K, committed 89688K, reserved 1128448K
  class space    used 10414K, capacity 11267K, committed 11352K, reserved 1048576K
}
Event: 5075.250 GC heap before
{Heap before GC invocations=24 (full 3):
 PSYoungGen      total 245760K, used 245737K [0x00000000d5d00000, 0x00000000e7080000, 0x0000000100000000)
  eden space 223232K, 100% used [0x00000000d5d00000,0x00000000e3700000,0x00000000e3700000)
  from space 22528K, 99% used [0x00000000e5a80000,0x00000000e707a5d0,0x00000000e7080000)
  to   space 28160K, 0% used [0x00000000e3980000,0x00000000e3980000,0x00000000e5500000)
 ParOldGen       total 138240K, used 32261K [0x0000000081600000, 0x0000000089d00000, 0x00000000d5d00000)
  object space 138240K, 23% used [0x0000000081600000,0x0000000083581760,0x0000000089d00000)
 Metaspace       used 84391K, capacity 90190K, committed 90456K, reserved 1128448K
  class space    used 10439K, capacity 11298K, committed 11352K, reserved 1048576K
Event: 5075.394 GC heap after
Heap after GC invocations=24 (full 3):
 PSYoungGen      total 227840K, used 11310K [0x00000000d5d00000, 0x00000000e6500000, 0x0000000100000000)
  eden space 216064K, 0% used [0x00000000d5d00000,0x00000000d5d00000,0x00000000e3000000)
  from space 11776K, 96% used [0x00000000e3980000,0x00000000e448bb00,0x00000000e4500000)
  to   space 27136K, 0% used [0x00000000e4a80000,0x00000000e4a80000,0x00000000e6500000)
 ParOldGen       total 138240K, used 42912K [0x0000000081600000, 0x0000000089d00000, 0x00000000d5d00000)
  object space 138240K, 31% used [0x0000000081600000,0x0000000083fe83c0,0x0000000089d00000)
 Metaspace       used 84391K, capacity 90190K, committed 90456K, reserved 1128448K
  class space    used 10439K, capacity 11298K, committed 11352K, reserved 1048576K
}
Event: 6275.335 GC heap before
{Heap before GC invocations=25 (full 3):
 PSYoungGen      total 227840K, used 227174K [0x00000000d5d00000, 0x00000000e6500000, 0x0000000100000000)
  eden space 216064K, 99% used [0x00000000d5d00000,0x00000000e2fcdf10,0x00000000e3000000)
  from space 11776K, 96% used [0x00000000e3980000,0x00000000e448bb00,0x00000000e4500000)
  to   space 27136K, 0% used [0x00000000e4a80000,0x00000000e4a80000,0x00000000e6500000)
 ParOldGen       total 138240K, used 42912K [0x0000000081600000, 0x0000000089d00000, 0x00000000d5d00000)
  object space 138240K, 31% used [0x0000000081600000,0x0000000083fe83c0,0x0000000089d00000)
 Metaspace       used 84771K, capacity 90746K, committed 91096K, reserved 1128448K
  class space    used 10477K, capacity 11384K, committed 11480K, reserved 1048576K
Event: 6275.387 GC heap after
Heap after GC invocations=25 (full 3):
 PSYoungGen      total 225792K, used 13140K [0x00000000d5d00000, 0x00000000e5b00000, 0x0000000100000000)
  eden space 208896K, 0% used [0x00000000d5d00000,0x00000000d5d00000,0x00000000e2900000)
  from space 16896K, 77% used [0x00000000e4a80000,0x00000000e57551a0,0x00000000e5b00000)
  to   space 25600K, 0% used [0x00000000e2900000,0x00000000e2900000,0x00000000e4200000)
 ParOldGen       total 138240K, used 42920K [0x0000000081600000, 0x0000000089d00000, 0x00000000d5d00000)
  object space 138240K, 31% used [0x0000000081600000,0x0000000083fea3c0,0x0000000089d00000)
 Metaspace       used 84771K, capacity 90746K, committed 91096K, reserved 1128448K
  class space    used 10477K, capacity 11384K, committed 11480K, reserved 1048576K
}
Event: 9468.356 GC heap before
{Heap before GC invocations=26 (full 3):
 PSYoungGen      total 225792K, used 222036K [0x00000000d5d00000, 0x00000000e5b00000, 0x0000000100000000)
  eden space 208896K, 100% used [0x00000000d5d00000,0x00000000e2900000,0x00000000e2900000)
  from space 16896K, 77% used [0x00000000e4a80000,0x00000000e57551a0,0x00000000e5b00000)
  to   space 25600K, 0% used [0x00000000e2900000,0x00000000e2900000,0x00000000e4200000)
 ParOldGen       total 138240K, used 42920K [0x0000000081600000, 0x0000000089d00000, 0x00000000d5d00000)
  object space 138240K, 31% used [0x0000000081600000,0x0000000083fea3c0,0x0000000089d00000)
 Metaspace       used 85135K, capacity 91162K, committed 91352K, reserved 1128448K
  class space    used 10494K, capacity 11400K, committed 11480K, reserved 1048576K
Event: 9468.435 GC heap after
Heap after GC invocations=26 (full 3):
 PSYoungGen      total 216576K, used 14284K [0x00000000d5d00000, 0x00000000e5380000, 0x0000000100000000)
  eden space 202240K, 0% used [0x00000000d5d00000,0x00000000d5d00000,0x00000000e2280000)
  from space 14336K, 99% used [0x00000000e2900000,0x00000000e36f3168,0x00000000e3700000)
  to   space 25088K, 0% used [0x00000000e3b00000,0x00000000e3b00000,0x00000000e5380000)
 ParOldGen       total 138240K, used 42928K [0x0000000081600000, 0x0000000089d00000, 0x00000000d5d00000)
  object space 138240K, 31% used [0x0000000081600000,0x0000000083fec3c0,0x0000000089d00000)
 Metaspace       used 85135K, capacity 91162K, committed 91352K, reserved 1128448K
  class space    used 10494K, capacity 11400K, committed 11480K, reserved 1048576K
}
Event: 19689.432 GC heap before
{Heap before GC invocations=27 (full 3):
 PSYoungGen      total 216576K, used 216524K [0x00000000d5d00000, 0x00000000e5380000, 0x0000000100000000)
  eden space 202240K, 100% used [0x00000000d5d00000,0x00000000e2280000,0x00000000e2280000)
  from space 14336K, 99% used [0x00000000e2900000,0x00000000e36f3168,0x00000000e3700000)
  to   space 25088K, 0% used [0x00000000e3b00000,0x00000000e3b00000,0x00000000e5380000)
 ParOldGen       total 138240K, used 42928K [0x0000000081600000, 0x0000000089d00000, 0x00000000d5d00000)
  object space 138240K, 31% used [0x0000000081600000,0x0000000083fec3c0,0x0000000089d00000)
 Metaspace       used 85544K, capacity 91544K, committed 91864K, reserved 1130496K
  class space    used 10530K, capacity 11437K, committed 11480K, reserved 1048576K

